<?xml version="1.0" encoding="UTF-8"?>
<testsuite name="org.example.SpringTests" tests="3" skipped="0" failures="0" errors="0" timestamp="2022-10-09T06:44:30" hostname="BEST-KOMP" time="1.922">
  <properties/>
  <testcase name="Integration Test for the second endpoint" classname="org.example.SpringTests" time="1.438"/>
  <testcase name="Integration Test for the first endpoint" classname="org.example.SpringTests" time="0.274"/>
  <testcase name="Integration Test for the third endpoint" classname="org.example.SpringTests" time="0.208"/>
  <system-out><![CDATA[10:44:28.777 [Test worker] DEBUG org.springframework.test.context.BootstrapUtils - Instantiating CacheAwareContextLoaderDelegate from class [org.springframework.test.context.cache.DefaultCacheAwareContextLoaderDelegate]
10:44:28.791 [Test worker] DEBUG org.springframework.test.context.BootstrapUtils - Instantiating BootstrapContext using constructor [public org.springframework.test.context.support.DefaultBootstrapContext(java.lang.Class,org.springframework.test.context.CacheAwareContextLoaderDelegate)]
10:44:28.823 [Test worker] DEBUG org.springframework.test.context.BootstrapUtils - Instantiating TestContextBootstrapper for test class [org.example.SpringTests] from class [org.springframework.boot.test.context.SpringBootTestContextBootstrapper]
10:44:28.834 [Test worker] INFO org.springframework.boot.test.context.SpringBootTestContextBootstrapper - Neither @ContextConfiguration nor @ContextHierarchy found for test class [org.example.SpringTests], using SpringBootContextLoader
10:44:28.837 [Test worker] DEBUG org.springframework.test.context.support.AbstractContextLoader - Did not detect default resource location for test class [org.example.SpringTests]: class path resource [org/example/SpringTests-context.xml] does not exist
10:44:28.838 [Test worker] DEBUG org.springframework.test.context.support.AbstractContextLoader - Did not detect default resource location for test class [org.example.SpringTests]: class path resource [org/example/SpringTestsContext.groovy] does not exist
10:44:28.838 [Test worker] INFO org.springframework.test.context.support.AbstractContextLoader - Could not detect default resource locations for test class [org.example.SpringTests]: no resource found for suffixes {-context.xml, Context.groovy}.
10:44:28.839 [Test worker] INFO org.springframework.test.context.support.AnnotationConfigContextLoaderUtils - Could not detect default configuration classes for test class [org.example.SpringTests]: SpringTests does not declare any static, non-private, non-final, nested classes annotated with @Configuration.
10:44:28.874 [Test worker] DEBUG org.springframework.test.context.support.ActiveProfilesUtils - Could not find an 'annotation declaring class' for annotation type [org.springframework.test.context.ActiveProfiles] and class [org.example.SpringTests]
10:44:28.915 [Test worker] DEBUG org.springframework.context.annotation.ClassPathScanningCandidateComponentProvider - Identified candidate component class: file [C:\Users\Admin\IdeaProjects\lab5\build\classes\java\main\org\example\Main.class]
10:44:28.919 [Test worker] INFO org.springframework.boot.test.context.SpringBootTestContextBootstrapper - Found @SpringBootConfiguration org.example.Main for test class org.example.SpringTests
10:44:29.005 [Test worker] DEBUG org.springframework.boot.test.context.SpringBootTestContextBootstrapper - @TestExecutionListeners is not present for class [org.example.SpringTests]: using defaults.
10:44:29.011 [Test worker] INFO org.springframework.boot.test.context.SpringBootTestContextBootstrapper - Loaded default TestExecutionListener class names from location [META-INF/spring.factories]: [org.springframework.boot.test.autoconfigure.restdocs.RestDocsTestExecutionListener, org.springframework.boot.test.autoconfigure.web.client.MockRestServiceServerResetTestExecutionListener, org.springframework.boot.test.autoconfigure.web.servlet.MockMvcPrintOnlyOnFailureTestExecutionListener, org.springframework.boot.test.autoconfigure.web.servlet.WebDriverTestExecutionListener, org.springframework.boot.test.autoconfigure.webservices.client.MockWebServiceServerTestExecutionListener, org.springframework.boot.test.mock.mockito.MockitoTestExecutionListener, org.springframework.boot.test.mock.mockito.ResetMocksTestExecutionListener, org.springframework.test.context.web.ServletTestExecutionListener, org.springframework.test.context.support.DirtiesContextBeforeModesTestExecutionListener, org.springframework.test.context.event.ApplicationEventsTestExecutionListener, org.springframework.test.context.support.DependencyInjectionTestExecutionListener, org.springframework.test.context.support.DirtiesContextTestExecutionListener, org.springframework.test.context.transaction.TransactionalTestExecutionListener, org.springframework.test.context.jdbc.SqlScriptsTestExecutionListener, org.springframework.test.context.event.EventPublishingTestExecutionListener]
10:44:29.023 [Test worker] DEBUG org.springframework.boot.test.context.SpringBootTestContextBootstrapper - Skipping candidate TestExecutionListener [org.springframework.test.context.transaction.TransactionalTestExecutionListener] due to a missing dependency. Specify custom listener classes or make the default listener classes and their required dependencies available. Offending class: [org/springframework/transaction/interceptor/TransactionAttributeSource]
10:44:29.024 [Test worker] DEBUG org.springframework.boot.test.context.SpringBootTestContextBootstrapper - Skipping candidate TestExecutionListener [org.springframework.test.context.jdbc.SqlScriptsTestExecutionListener] due to a missing dependency. Specify custom listener classes or make the default listener classes and their required dependencies available. Offending class: [org/springframework/transaction/interceptor/TransactionAttribute]
10:44:29.024 [Test worker] INFO org.springframework.boot.test.context.SpringBootTestContextBootstrapper - Using TestExecutionListeners: [org.springframework.test.context.web.ServletTestExecutionListener@7bc10d84, org.springframework.test.context.support.DirtiesContextBeforeModesTestExecutionListener@275fe372, org.springframework.test.context.event.ApplicationEventsTestExecutionListener@40e10ff8, org.springframework.boot.test.mock.mockito.MockitoTestExecutionListener@557a1e2d, org.springframework.boot.test.autoconfigure.SpringBootDependencyInjectionTestExecutionListener@26a4842b, org.springframework.test.context.support.DirtiesContextTestExecutionListener@7e38a7fe, org.springframework.test.context.event.EventPublishingTestExecutionListener@366ef90e, org.springframework.boot.test.autoconfigure.restdocs.RestDocsTestExecutionListener@33e01298, org.springframework.boot.test.autoconfigure.web.client.MockRestServiceServerResetTestExecutionListener@31e75d13, org.springframework.boot.test.autoconfigure.web.servlet.MockMvcPrintOnlyOnFailureTestExecutionListener@a5b0b86, org.springframework.boot.test.autoconfigure.web.servlet.WebDriverTestExecutionListener@4b3c354a, org.springframework.boot.test.autoconfigure.webservices.client.MockWebServiceServerTestExecutionListener@78fb9a67, org.springframework.boot.test.mock.mockito.ResetMocksTestExecutionListener@73ff4fae]
10:44:29.029 [Test worker] DEBUG org.springframework.test.context.support.AbstractDirtiesContextTestExecutionListener - Before test class: context [DefaultTestContext@2dbf4cbd testClass = SpringTests, testInstance = [null], testMethod = [null], testException = [null], mergedContextConfiguration = [WebMergedContextConfiguration@20b5f2ac testClass = SpringTests, locations = '{}', classes = '{class org.example.Main}', contextInitializerClasses = '[]', activeProfiles = '{}', propertySourceLocations = '{}', propertySourceProperties = '{org.springframework.boot.test.context.SpringBootTestContextBootstrapper=true}', contextCustomizers = set[org.springframework.boot.test.autoconfigure.actuate.metrics.MetricsExportContextCustomizerFactory$DisableMetricExportContextCustomizer@61fe30, org.springframework.boot.test.autoconfigure.properties.PropertyMappingContextCustomizer@0, org.springframework.boot.test.autoconfigure.web.servlet.WebDriverContextCustomizerFactory$Customizer@58326051, org.springframework.boot.test.context.filter.ExcludeFilterContextCustomizer@598bd2ba, org.springframework.boot.test.json.DuplicateJsonObjectContextCustomizerFactory$DuplicateJsonObjectContextCustomizer@4f5991f6, org.springframework.boot.test.mock.mockito.MockitoContextCustomizer@0, org.springframework.boot.test.web.client.TestRestTemplateContextCustomizer@50d13246, org.springframework.test.context.web.socket.MockServerContainerContextCustomizer@2b76ff4e, org.springframework.boot.test.context.SpringBootTestArgs@1, org.springframework.boot.test.context.SpringBootTestWebEnvironment@55536d9e], resourceBasePath = 'src/main/webapp', contextLoader = 'org.springframework.boot.test.context.SpringBootContextLoader', parent = [null]], attributes = map['org.springframework.test.context.web.ServletTestExecutionListener.activateListener' -> true]], class annotated with @DirtiesContext [false] with mode [null].
10:44:29.057 [Test worker] DEBUG org.springframework.test.context.support.TestPropertySourceUtils - Adding inlined properties to environment: {spring.jmx.enabled=false, org.springframework.boot.test.context.SpringBootTestContextBootstrapper=true}

  .   ____          _            __ _ _
 /\\ / ___'_ __ _ _(_)_ __  __ _ \ \ \ \
( ( )\___ | '_ | '_| | '_ \/ _` | \ \ \ \
 \\/  ___)| |_)| | | | | || (_| |  ) ) ) )
  '  |____| .__|_| |_|_| |_\__, | / / / /
 =========|_|==============|___/=/_/_/_/
 :: Spring Boot ::                (v2.5.5)

2022-10-09 10:44:29.269  INFO 4016 --- [    Test worker] org.example.SpringTests                  : Starting SpringTests using Java 15.0.2 on Best-Komp with PID 4016 (started by Admin in C:\Users\Admin\IdeaProjects\lab5)
2022-10-09 10:44:29.271  INFO 4016 --- [    Test worker] org.example.SpringTests                  : No active profile set, falling back to default profiles: default
2022-10-09 10:44:30.524  INFO 4016 --- [    Test worker] org.example.SpringTests                  : Started SpringTests in 1.46 seconds (JVM running for 2.61)
]]></system-out>
  <system-err><![CDATA[]]></system-err>
</testsuite>
